Connecting to database specified by database.yml


Started GET "/assets/rails.png" for 127.0.0.1 at 2012-06-10 11:48:55 -0400
Connecting to database specified by database.yml
Served asset /rails.png - 304 Not Modified (52ms)
Connecting to database specified by database.yml
Connecting to database specified by database.yml
Connecting to database specified by database.yml
  [1m[36m (0.0ms)[0m  [1mselect sqlite_version(*)[0m
  [1m[35m (109.0ms)[0m  CREATE TABLE "schema_migrations" ("version" varchar(255) NOT NULL) 
  [1m[36m (0.0ms)[0m  [1mPRAGMA index_list("schema_migrations")[0m
  [1m[35m (147.0ms)[0m  CREATE UNIQUE INDEX "unique_schema_migrations" ON "schema_migrations" ("version")
  [1m[36m (0.0ms)[0m  [1mSELECT "schema_migrations"."version" FROM "schema_migrations" [0m
Migrating to CreateUsers (20120616201622)
  [1m[35m (0.0ms)[0m  begin transaction
  [1m[36m (1.0ms)[0m  [1mCREATE TABLE "users" ("id" INTEGER PRIMARY KEY AUTOINCREMENT NOT NULL, "username" varchar(255), "email" varchar(255), "first_name" varchar(255), "last_name" varchar(255), "password" varchar(255), "description" text, "admin_flag" boolean, "created_at" datetime NOT NULL, "updated_at" datetime NOT NULL) [0m
  [1m[35m (0.0ms)[0m  INSERT INTO "schema_migrations" ("version") VALUES ('20120616201622')
  [1m[36m (87.0ms)[0m  [1mcommit transaction[0m
  [1m[35m (0.0ms)[0m  select sqlite_version(*)
  [1m[36m (0.0ms)[0m  [1mSELECT "schema_migrations"."version" FROM "schema_migrations" [0m
  [1m[35m (0.0ms)[0m  PRAGMA index_list("users")


Started GET "/users/login" for 127.0.0.1 at 2012-06-16 23:11:25 -0400
Connecting to database specified by database.yml
Processing by UsersController#show as HTML
  Parameters: {"id"=>"login"}
  [1m[36mUser Load (0.0ms)[0m  [1mSELECT "users".* FROM "users" WHERE "users"."id" = ? LIMIT 1[0m  [["id", "login"]]
Completed 500 Internal Server Error in 1467ms

ActiveRecord::RecordNotFound (Couldn't find User with id=login):
  app/controllers/users_controller.rb:17:in `show'


  Rendered C:/Ruby193/lib/ruby/gems/1.9.1/gems/actionpack-3.2.5/lib/action_dispatch/middleware/templates/rescues/_trace.erb (5.0ms)
  Rendered C:/Ruby193/lib/ruby/gems/1.9.1/gems/actionpack-3.2.5/lib/action_dispatch/middleware/templates/rescues/_request_and_response.erb (1.0ms)
  Rendered C:/Ruby193/lib/ruby/gems/1.9.1/gems/actionpack-3.2.5/lib/action_dispatch/middleware/templates/rescues/diagnostics.erb within rescues/layout (559.0ms)


Started GET "/users/login" for 127.0.0.1 at 2012-06-16 23:11:50 -0400
Processing by UsersController#show as HTML
  Parameters: {"id"=>"login"}
  [1m[35mUser Load (0.0ms)[0m  SELECT "users".* FROM "users" WHERE "users"."id" = ? LIMIT 1  [["id", "login"]]
Completed 500 Internal Server Error in 2ms

ActiveRecord::RecordNotFound (Couldn't find User with id=login):
  app/controllers/users_controller.rb:17:in `show'


  Rendered C:/Ruby193/lib/ruby/gems/1.9.1/gems/actionpack-3.2.5/lib/action_dispatch/middleware/templates/rescues/_trace.erb (4.0ms)
  Rendered C:/Ruby193/lib/ruby/gems/1.9.1/gems/actionpack-3.2.5/lib/action_dispatch/middleware/templates/rescues/_request_and_response.erb (1.0ms)
  Rendered C:/Ruby193/lib/ruby/gems/1.9.1/gems/actionpack-3.2.5/lib/action_dispatch/middleware/templates/rescues/diagnostics.erb within rescues/layout (53.0ms)


Started GET "/users/login" for 127.0.0.1 at 2012-06-16 23:12:09 -0400
Processing by UsersController#show as HTML
  Parameters: {"id"=>"login"}
  [1m[36mUser Load (1.0ms)[0m  [1mSELECT "users".* FROM "users" WHERE "users"."id" = ? LIMIT 1[0m  [["id", "login"]]
Completed 500 Internal Server Error in 1ms

ActiveRecord::RecordNotFound (Couldn't find User with id=login):
  app/controllers/users_controller.rb:17:in `show'


  Rendered C:/Ruby193/lib/ruby/gems/1.9.1/gems/actionpack-3.2.5/lib/action_dispatch/middleware/templates/rescues/_trace.erb (2.0ms)
  Rendered C:/Ruby193/lib/ruby/gems/1.9.1/gems/actionpack-3.2.5/lib/action_dispatch/middleware/templates/rescues/_request_and_response.erb (1.0ms)
  Rendered C:/Ruby193/lib/ruby/gems/1.9.1/gems/actionpack-3.2.5/lib/action_dispatch/middleware/templates/rescues/diagnostics.erb within rescues/layout (41.0ms)


Started GET "/users/login" for 127.0.0.1 at 2012-06-16 23:14:59 -0400
Processing by UsersController#show as HTML
  Parameters: {"id"=>"login"}
  [1m[35mUser Load (1.0ms)[0m  SELECT "users".* FROM "users" WHERE "users"."id" = ? LIMIT 1  [["id", "login"]]
Completed 500 Internal Server Error in 1ms

ActiveRecord::RecordNotFound (Couldn't find User with id=login):
  app/controllers/users_controller.rb:17:in `show'


  Rendered C:/Ruby193/lib/ruby/gems/1.9.1/gems/actionpack-3.2.5/lib/action_dispatch/middleware/templates/rescues/_trace.erb (3.0ms)
  Rendered C:/Ruby193/lib/ruby/gems/1.9.1/gems/actionpack-3.2.5/lib/action_dispatch/middleware/templates/rescues/_request_and_response.erb (1.0ms)
  Rendered C:/Ruby193/lib/ruby/gems/1.9.1/gems/actionpack-3.2.5/lib/action_dispatch/middleware/templates/rescues/diagnostics.erb within rescues/layout (25.0ms)


Started GET "/users/login" for 127.0.0.1 at 2012-06-16 23:15:02 -0400
Processing by UsersController#show as HTML
  Parameters: {"id"=>"login"}
  [1m[36mUser Load (0.0ms)[0m  [1mSELECT "users".* FROM "users" WHERE "users"."id" = ? LIMIT 1[0m  [["id", "login"]]
Completed 500 Internal Server Error in 1ms

ActiveRecord::RecordNotFound (Couldn't find User with id=login):
  app/controllers/users_controller.rb:17:in `show'


  Rendered C:/Ruby193/lib/ruby/gems/1.9.1/gems/actionpack-3.2.5/lib/action_dispatch/middleware/templates/rescues/_trace.erb (2.0ms)
  Rendered C:/Ruby193/lib/ruby/gems/1.9.1/gems/actionpack-3.2.5/lib/action_dispatch/middleware/templates/rescues/_request_and_response.erb (1.0ms)
  Rendered C:/Ruby193/lib/ruby/gems/1.9.1/gems/actionpack-3.2.5/lib/action_dispatch/middleware/templates/rescues/diagnostics.erb within rescues/layout (24.0ms)


Started GET "/users" for 127.0.0.1 at 2012-06-16 23:22:47 -0400
Processing by UsersController#index as HTML
  [1m[35mUser Load (0.0ms)[0m  SELECT "users".* FROM "users" 
  Rendered users/index.html.erb within layouts/application (1.0ms)
Compiled scaffolds.css  (58ms)  (pid 9768)
Compiled users.css  (3ms)  (pid 9768)
Compiled application.css  (143ms)  (pid 9768)
Compiled jquery.js  (2ms)  (pid 9768)
Compiled jquery_ujs.js  (0ms)  (pid 9768)
Compiled users.js  (295ms)  (pid 9768)
Compiled application.js  (385ms)  (pid 9768)
Completed 200 OK in 832ms (Views: 830.0ms | ActiveRecord: 0.0ms)


Started GET "/assets/application.css?body=1" for 127.0.0.1 at 2012-06-16 23:22:48 -0400
Served asset /application.css - 200 OK (7ms)


Started GET "/assets/scaffolds.css?body=1" for 127.0.0.1 at 2012-06-16 23:22:48 -0400
Served asset /scaffolds.css - 200 OK (3ms)


Started GET "/assets/users.css?body=1" for 127.0.0.1 at 2012-06-16 23:22:48 -0400
Served asset /users.css - 200 OK (6ms)


Started GET "/assets/jquery.js?body=1" for 127.0.0.1 at 2012-06-16 23:22:48 -0400
Served asset /jquery.js - 200 OK (80ms)


Started GET "/assets/jquery_ujs.js?body=1" for 127.0.0.1 at 2012-06-16 23:22:48 -0400
Served asset /jquery_ujs.js - 200 OK (4ms)


Started GET "/assets/application.js?body=1" for 127.0.0.1 at 2012-06-16 23:22:48 -0400
Served asset /application.js - 200 OK (91ms)


Started GET "/assets/users.js?body=1" for 127.0.0.1 at 2012-06-16 23:22:48 -0400
Served asset /users.js - 200 OK (2ms)


Started GET "/users/new" for 127.0.0.1 at 2012-06-16 23:22:50 -0400
Processing by UsersController#new as HTML
  Rendered users/_form.html.erb (97.0ms)
  Rendered users/new.html.erb within layouts/application (142.0ms)
Completed 200 OK in 178ms (Views: 151.0ms | ActiveRecord: 0.0ms)


Started GET "/assets/users.js?body=1" for 127.0.0.1 at 2012-06-16 23:22:50 -0400
Served asset /users.js - 304 Not Modified (0ms)


Started GET "/assets/jquery.js?body=1" for 127.0.0.1 at 2012-06-16 23:22:50 -0400
Served asset /jquery.js - 304 Not Modified (0ms)


Started GET "/assets/scaffolds.css?body=1" for 127.0.0.1 at 2012-06-16 23:22:50 -0400
Served asset /scaffolds.css - 304 Not Modified (0ms)


Started GET "/assets/users.css?body=1" for 127.0.0.1 at 2012-06-16 23:22:50 -0400
Served asset /users.css - 304 Not Modified (0ms)


Started GET "/assets/jquery_ujs.js?body=1" for 127.0.0.1 at 2012-06-16 23:22:50 -0400
Served asset /jquery_ujs.js - 304 Not Modified (0ms)


Started GET "/assets/application.css?body=1" for 127.0.0.1 at 2012-06-16 23:22:50 -0400
Served asset /application.css - 304 Not Modified (0ms)


Started GET "/assets/application.js?body=1" for 127.0.0.1 at 2012-06-16 23:22:50 -0400
Served asset /application.js - 304 Not Modified (0ms)


Started GET "/users/new" for 127.0.0.1 at 2012-06-16 23:26:05 -0400
Processing by UsersController#new as HTML
  Rendered users/_form.html.erb (23.0ms)
  Rendered users/new.html.erb within layouts/application (25.0ms)
Completed 200 OK in 42ms (Views: 33.0ms | ActiveRecord: 0.0ms)


Started GET "/assets/application.css?body=1" for 127.0.0.1 at 2012-06-16 23:26:05 -0400
Served asset /application.css - 304 Not Modified (0ms)


Started GET "/assets/scaffolds.css?body=1" for 127.0.0.1 at 2012-06-16 23:26:05 -0400
Served asset /scaffolds.css - 304 Not Modified (0ms)


Started GET "/assets/jquery.js?body=1" for 127.0.0.1 at 2012-06-16 23:26:05 -0400
Served asset /jquery.js - 304 Not Modified (0ms)


Started GET "/assets/users.css?body=1" for 127.0.0.1 at 2012-06-16 23:26:05 -0400
Served asset /users.css - 304 Not Modified (0ms)


Started GET "/assets/jquery_ujs.js?body=1" for 127.0.0.1 at 2012-06-16 23:26:05 -0400
Served asset /jquery_ujs.js - 304 Not Modified (0ms)


Started GET "/assets/users.js?body=1" for 127.0.0.1 at 2012-06-16 23:26:05 -0400
Served asset /users.js - 304 Not Modified (0ms)


Started GET "/assets/application.js?body=1" for 127.0.0.1 at 2012-06-16 23:26:05 -0400
Served asset /application.js - 304 Not Modified (0ms)


Started GET "/users/new" for 127.0.0.1 at 2012-06-16 23:26:59 -0400
Processing by UsersController#new as HTML
  Rendered users/_form.html.erb (4.0ms)
  Rendered users/new.html.erb within layouts/application (6.0ms)
Completed 200 OK in 13ms (Views: 13.0ms | ActiveRecord: 0.0ms)


Started GET "/assets/application.css?body=1" for 127.0.0.1 at 2012-06-16 23:26:59 -0400
Served asset /application.css - 304 Not Modified (0ms)


Started GET "/assets/scaffolds.css?body=1" for 127.0.0.1 at 2012-06-16 23:26:59 -0400
Served asset /scaffolds.css - 304 Not Modified (0ms)


Started GET "/assets/users.css?body=1" for 127.0.0.1 at 2012-06-16 23:26:59 -0400
Served asset /users.css - 304 Not Modified (0ms)


Started GET "/assets/jquery.js?body=1" for 127.0.0.1 at 2012-06-16 23:26:59 -0400
Served asset /jquery.js - 304 Not Modified (0ms)


Started GET "/assets/jquery_ujs.js?body=1" for 127.0.0.1 at 2012-06-16 23:26:59 -0400
Served asset /jquery_ujs.js - 304 Not Modified (0ms)


Started GET "/assets/application.js?body=1" for 127.0.0.1 at 2012-06-16 23:26:59 -0400
Served asset /application.js - 304 Not Modified (1ms)


Started GET "/assets/users.js?body=1" for 127.0.0.1 at 2012-06-16 23:26:59 -0400
Served asset /users.js - 304 Not Modified (0ms)


Started POST "/users" for 127.0.0.1 at 2012-06-16 23:27:23 -0400
Processing by UsersController#create as HTML
  Parameters: {"utf8"=>"✓", "authenticity_token"=>"B8nAouTq8m9NcRhbxbTHTVm4WikdQW9beTZYvsgw3a4=", "user"=>{"username"=>"omertest", "email"=>"sdfsf@gmail.com", "first_name"=>"om", "last_name"=>"om", "password"=>"[FILTERED]", "password_confirmation"=>"[FILTERED]", "description"=>"dssdf\r\n", "admin_flag"=>"1"}, "commit"=>"Create User"}
  [1m[36m (0.0ms)[0m  [1mbegin transaction[0m
  [1m[35m (0.0ms)[0m  rollback transaction
Completed 500 Internal Server Error in 3ms

NameError (undefined local variable or method `checkpass' for #<User:0x2b64df0>):
  app/models/user.rb:16:in `hashpassword'
  app/controllers/users_controller.rb:47:in `block in create'
  app/controllers/users_controller.rb:46:in `create'


  Rendered C:/Ruby193/lib/ruby/gems/1.9.1/gems/actionpack-3.2.5/lib/action_dispatch/middleware/templates/rescues/_trace.erb (3.0ms)
  Rendered C:/Ruby193/lib/ruby/gems/1.9.1/gems/actionpack-3.2.5/lib/action_dispatch/middleware/templates/rescues/_request_and_response.erb (1.0ms)
  Rendered C:/Ruby193/lib/ruby/gems/1.9.1/gems/actionpack-3.2.5/lib/action_dispatch/middleware/templates/rescues/diagnostics.erb within rescues/layout (24.0ms)


Started POST "/users" for 127.0.0.1 at 2012-06-16 23:28:05 -0400
Processing by UsersController#create as HTML
  Parameters: {"utf8"=>"✓", "authenticity_token"=>"B8nAouTq8m9NcRhbxbTHTVm4WikdQW9beTZYvsgw3a4=", "user"=>{"username"=>"omertest", "email"=>"sdfsf@gmail.com", "first_name"=>"om", "last_name"=>"om", "password"=>"[FILTERED]", "password_confirmation"=>"[FILTERED]", "description"=>"dssdf\r\n", "admin_flag"=>"1"}, "commit"=>"Create User"}
  [1m[36m (0.0ms)[0m  [1mbegin transaction[0m
Binary data inserted for `string` type on column `password`
  [1m[35mSQL (51.0ms)[0m  INSERT INTO "users" ("admin_flag", "created_at", "description", "email", "first_name", "last_name", "password", "updated_at", "username") VALUES (?, ?, ?, ?, ?, ?, ?, ?, ?)  [["admin_flag", true], ["created_at", Sun, 17 Jun 2012 03:28:06 UTC +00:00], ["description", "dssdf\r\n"], ["email", "sdfsf@gmail.com"], ["first_name", "om"], ["last_name", "om"], ["password", "439c45bdc7f92d710786214deabc77fc"], ["updated_at", Sun, 17 Jun 2012 03:28:06 UTC +00:00], ["username", "omertest"]]
  [1m[36m (102.0ms)[0m  [1mcommit transaction[0m
Redirected to http://localhost:3000/users/1
Completed 302 Found in 184ms (ActiveRecord: 154.0ms)


Started GET "/users/1" for 127.0.0.1 at 2012-06-16 23:28:06 -0400
Processing by UsersController#show as HTML
  Parameters: {"id"=>"1"}
  [1m[35mUser Load (0.0ms)[0m  SELECT "users".* FROM "users" WHERE "users"."id" = ? LIMIT 1  [["id", "1"]]
  Rendered users/show.html.erb within layouts/application (2.0ms)
Completed 200 OK in 13ms (Views: 10.0ms | ActiveRecord: 0.0ms)


Started GET "/assets/application.css?body=1" for 127.0.0.1 at 2012-06-16 23:28:06 -0400
Served asset /application.css - 304 Not Modified (0ms)


Started GET "/assets/jquery.js?body=1" for 127.0.0.1 at 2012-06-16 23:28:06 -0400
Served asset /jquery.js - 304 Not Modified (0ms)


Started GET "/assets/users.css?body=1" for 127.0.0.1 at 2012-06-16 23:28:06 -0400
Served asset /users.css - 304 Not Modified (0ms)


Started GET "/assets/jquery_ujs.js?body=1" for 127.0.0.1 at 2012-06-16 23:28:06 -0400
Served asset /jquery_ujs.js - 304 Not Modified (0ms)


Started GET "/assets/scaffolds.css?body=1" for 127.0.0.1 at 2012-06-16 23:28:06 -0400
Served asset /scaffolds.css - 304 Not Modified (0ms)


Started GET "/assets/users.js?body=1" for 127.0.0.1 at 2012-06-16 23:28:06 -0400
Served asset /users.js - 304 Not Modified (0ms)


Started GET "/assets/application.js?body=1" for 127.0.0.1 at 2012-06-16 23:28:06 -0400
Served asset /application.js - 304 Not Modified (0ms)


Started GET "/users" for 127.0.0.1 at 2012-06-16 23:28:09 -0400
Processing by UsersController#index as HTML
  [1m[36mUser Load (0.0ms)[0m  [1mSELECT "users".* FROM "users" [0m
  Rendered users/index.html.erb within layouts/application (1.0ms)
Completed 200 OK in 10ms (Views: 9.0ms | ActiveRecord: 0.0ms)


Started GET "/assets/application.css?body=1" for 127.0.0.1 at 2012-06-16 23:28:09 -0400
Served asset /application.css - 304 Not Modified (0ms)


Started GET "/assets/scaffolds.css?body=1" for 127.0.0.1 at 2012-06-16 23:28:09 -0400
Served asset /scaffolds.css - 304 Not Modified (1ms)


Started GET "/assets/users.css?body=1" for 127.0.0.1 at 2012-06-16 23:28:09 -0400
Served asset /users.css - 304 Not Modified (0ms)


Started GET "/assets/jquery.js?body=1" for 127.0.0.1 at 2012-06-16 23:28:09 -0400
Served asset /jquery.js - 304 Not Modified (0ms)


Started GET "/assets/jquery_ujs.js?body=1" for 127.0.0.1 at 2012-06-16 23:28:09 -0400
Served asset /jquery_ujs.js - 304 Not Modified (0ms)


Started GET "/assets/users.js?body=1" for 127.0.0.1 at 2012-06-16 23:28:09 -0400
Served asset /users.js - 304 Not Modified (1ms)


Started GET "/assets/application.js?body=1" for 127.0.0.1 at 2012-06-16 23:28:09 -0400
Served asset /application.js - 304 Not Modified (0ms)


Started GET "/users/1" for 127.0.0.1 at 2012-06-16 23:28:13 -0400
Processing by UsersController#show as HTML
  Parameters: {"id"=>"1"}
  [1m[35mUser Load (0.0ms)[0m  SELECT "users".* FROM "users" WHERE "users"."id" = ? LIMIT 1  [["id", "1"]]
  Rendered users/show.html.erb within layouts/application (1.0ms)
Completed 200 OK in 9ms (Views: 8.0ms | ActiveRecord: 0.0ms)


Started GET "/assets/application.css?body=1" for 127.0.0.1 at 2012-06-16 23:28:13 -0400
Served asset /application.css - 304 Not Modified (0ms)


Started GET "/assets/scaffolds.css?body=1" for 127.0.0.1 at 2012-06-16 23:28:13 -0400
Served asset /scaffolds.css - 304 Not Modified (0ms)


Started GET "/assets/jquery.js?body=1" for 127.0.0.1 at 2012-06-16 23:28:13 -0400
Served asset /jquery.js - 304 Not Modified (0ms)


Started GET "/assets/users.css?body=1" for 127.0.0.1 at 2012-06-16 23:28:13 -0400
Served asset /users.css - 304 Not Modified (0ms)


Started GET "/assets/jquery_ujs.js?body=1" for 127.0.0.1 at 2012-06-16 23:28:13 -0400
Served asset /jquery_ujs.js - 304 Not Modified (0ms)


Started GET "/assets/users.js?body=1" for 127.0.0.1 at 2012-06-16 23:28:13 -0400
Served asset /users.js - 304 Not Modified (0ms)


Started GET "/assets/application.js?body=1" for 127.0.0.1 at 2012-06-16 23:28:13 -0400
Served asset /application.js - 304 Not Modified (0ms)


Started GET "/users" for 127.0.0.1 at 2012-06-16 23:28:15 -0400
Processing by UsersController#index as HTML
  [1m[36mUser Load (0.0ms)[0m  [1mSELECT "users".* FROM "users" [0m
  Rendered users/index.html.erb within layouts/application (1.0ms)
Completed 200 OK in 11ms (Views: 10.0ms | ActiveRecord: 0.0ms)


Started GET "/assets/application.css?body=1" for 127.0.0.1 at 2012-06-16 23:28:15 -0400
Served asset /application.css - 304 Not Modified (0ms)


Started GET "/assets/jquery_ujs.js?body=1" for 127.0.0.1 at 2012-06-16 23:28:15 -0400
Served asset /jquery_ujs.js - 304 Not Modified (0ms)


Started GET "/assets/scaffolds.css?body=1" for 127.0.0.1 at 2012-06-16 23:28:15 -0400
Served asset /scaffolds.css - 304 Not Modified (0ms)


Started GET "/assets/users.css?body=1" for 127.0.0.1 at 2012-06-16 23:28:15 -0400
Served asset /users.css - 304 Not Modified (0ms)


Started GET "/assets/jquery.js?body=1" for 127.0.0.1 at 2012-06-16 23:28:15 -0400
Served asset /jquery.js - 304 Not Modified (0ms)


Started GET "/assets/application.js?body=1" for 127.0.0.1 at 2012-06-16 23:28:15 -0400
Served asset /application.js - 304 Not Modified (0ms)


Started GET "/assets/users.js?body=1" for 127.0.0.1 at 2012-06-16 23:28:16 -0400
Served asset /users.js - 304 Not Modified (0ms)


Started GET "/users/1/edit" for 127.0.0.1 at 2012-06-16 23:29:13 -0400
Processing by UsersController#edit as HTML
  Parameters: {"id"=>"1"}
  [1m[35mUser Load (1.0ms)[0m  SELECT "users".* FROM "users" WHERE "users"."id" = ? LIMIT 1  [["id", "1"]]
  Rendered users/_form.html.erb (5.0ms)
  Rendered users/edit.html.erb within layouts/application (8.0ms)
Completed 200 OK in 16ms (Views: 15.0ms | ActiveRecord: 1.0ms)


Started GET "/assets/application.css?body=1" for 127.0.0.1 at 2012-06-16 23:29:13 -0400
Served asset /application.css - 304 Not Modified (0ms)


Started GET "/assets/users.css?body=1" for 127.0.0.1 at 2012-06-16 23:29:14 -0400
Served asset /users.css - 304 Not Modified (0ms)


Started GET "/assets/scaffolds.css?body=1" for 127.0.0.1 at 2012-06-16 23:29:14 -0400
Served asset /scaffolds.css - 304 Not Modified (0ms)


Started GET "/assets/jquery.js?body=1" for 127.0.0.1 at 2012-06-16 23:29:14 -0400
Served asset /jquery.js - 304 Not Modified (0ms)


Started GET "/assets/jquery_ujs.js?body=1" for 127.0.0.1 at 2012-06-16 23:29:14 -0400
Served asset /jquery_ujs.js - 304 Not Modified (0ms)


Started GET "/assets/users.js?body=1" for 127.0.0.1 at 2012-06-16 23:29:14 -0400
Served asset /users.js - 304 Not Modified (0ms)


Started GET "/assets/application.js?body=1" for 127.0.0.1 at 2012-06-16 23:29:14 -0400
Served asset /application.js - 304 Not Modified (0ms)


Started GET "/users/1/edit" for 127.0.0.1 at 2012-06-16 23:31:01 -0400
Processing by UsersController#edit as HTML
  Parameters: {"id"=>"1"}
  [1m[36mUser Load (0.0ms)[0m  [1mSELECT "users".* FROM "users" WHERE "users"."id" = ? LIMIT 1[0m  [["id", "1"]]
  Rendered users/_form.html.erb (5.0ms)
  Rendered users/edit.html.erb within layouts/application (7.0ms)
Completed 200 OK in 17ms (Views: 16.0ms | ActiveRecord: 0.0ms)


Started GET "/assets/application.css?body=1" for 127.0.0.1 at 2012-06-16 23:31:01 -0400
Served asset /application.css - 304 Not Modified (0ms)


Started GET "/assets/scaffolds.css?body=1" for 127.0.0.1 at 2012-06-16 23:31:01 -0400
Served asset /scaffolds.css - 304 Not Modified (0ms)


Started GET "/assets/users.css?body=1" for 127.0.0.1 at 2012-06-16 23:31:01 -0400
Served asset /users.css - 304 Not Modified (0ms)


Started GET "/assets/jquery.js?body=1" for 127.0.0.1 at 2012-06-16 23:31:01 -0400
Served asset /jquery.js - 304 Not Modified (0ms)


Started GET "/assets/jquery_ujs.js?body=1" for 127.0.0.1 at 2012-06-16 23:31:01 -0400
Served asset /jquery_ujs.js - 304 Not Modified (0ms)


Started GET "/assets/users.js?body=1" for 127.0.0.1 at 2012-06-16 23:31:01 -0400
Served asset /users.js - 304 Not Modified (0ms)


Started GET "/assets/application.js?body=1" for 127.0.0.1 at 2012-06-16 23:31:01 -0400
Served asset /application.js - 304 Not Modified (0ms)


Started PUT "/users/1" for 127.0.0.1 at 2012-06-16 23:31:12 -0400
Processing by UsersController#update as HTML
  Parameters: {"utf8"=>"✓", "authenticity_token"=>"B8nAouTq8m9NcRhbxbTHTVm4WikdQW9beTZYvsgw3a4=", "user"=>{"username"=>"omertest", "email"=>"sdfsf@gmail.com", "first_name"=>"om", "last_name"=>"om", "description"=>"dssdf\r\nupdaate", "admin_flag"=>"1"}, "commit"=>"Update User", "id"=>"1"}
  [1m[35mUser Load (0.0ms)[0m  SELECT "users".* FROM "users" WHERE "users"."id" = ? LIMIT 1  [["id", "1"]]
  [1m[36m (0.0ms)[0m  [1mbegin transaction[0m
  [1m[35m (1.0ms)[0m  UPDATE "users" SET "description" = 'dssdf
updaate', "updated_at" = '2012-06-17 03:31:12.277864' WHERE "users"."id" = 1
  [1m[36m (94.0ms)[0m  [1mcommit transaction[0m
Redirected to http://localhost:3000/users/1
Completed 302 Found in 100ms (ActiveRecord: 95.0ms)


Started GET "/users/1" for 127.0.0.1 at 2012-06-16 23:31:12 -0400
Processing by UsersController#show as HTML
  Parameters: {"id"=>"1"}
  [1m[35mUser Load (0.0ms)[0m  SELECT "users".* FROM "users" WHERE "users"."id" = ? LIMIT 1  [["id", "1"]]
  Rendered users/show.html.erb within layouts/application (1.0ms)
Completed 200 OK in 11ms (Views: 9.0ms | ActiveRecord: 0.0ms)


Started GET "/assets/scaffolds.css?body=1" for 127.0.0.1 at 2012-06-16 23:31:12 -0400
Served asset /scaffolds.css - 304 Not Modified (0ms)


Started GET "/assets/application.css?body=1" for 127.0.0.1 at 2012-06-16 23:31:12 -0400
Served asset /application.css - 304 Not Modified (0ms)


Started GET "/assets/users.css?body=1" for 127.0.0.1 at 2012-06-16 23:31:12 -0400
Served asset /users.css - 304 Not Modified (0ms)


Started GET "/assets/jquery.js?body=1" for 127.0.0.1 at 2012-06-16 23:31:12 -0400
Served asset /jquery.js - 304 Not Modified (0ms)


Started GET "/assets/jquery_ujs.js?body=1" for 127.0.0.1 at 2012-06-16 23:31:12 -0400
Served asset /jquery_ujs.js - 304 Not Modified (0ms)


Started GET "/assets/users.js?body=1" for 127.0.0.1 at 2012-06-16 23:31:12 -0400
Served asset /users.js - 304 Not Modified (0ms)


Started GET "/assets/application.js?body=1" for 127.0.0.1 at 2012-06-16 23:31:12 -0400
Served asset /application.js - 304 Not Modified (0ms)


Started GET "/users" for 127.0.0.1 at 2012-06-16 23:31:14 -0400
Processing by UsersController#index as HTML
  [1m[36mUser Load (0.0ms)[0m  [1mSELECT "users".* FROM "users" [0m
  Rendered users/index.html.erb within layouts/application (2.0ms)
Completed 200 OK in 11ms (Views: 8.0ms | ActiveRecord: 0.0ms)


Started GET "/assets/application.css?body=1" for 127.0.0.1 at 2012-06-16 23:31:14 -0400
Served asset /application.css - 304 Not Modified (0ms)


Started GET "/assets/scaffolds.css?body=1" for 127.0.0.1 at 2012-06-16 23:31:14 -0400
Served asset /scaffolds.css - 304 Not Modified (0ms)


Started GET "/assets/users.css?body=1" for 127.0.0.1 at 2012-06-16 23:31:14 -0400
Served asset /users.css - 304 Not Modified (0ms)


Started GET "/assets/jquery.js?body=1" for 127.0.0.1 at 2012-06-16 23:31:14 -0400
Served asset /jquery.js - 304 Not Modified (0ms)


Started GET "/assets/jquery_ujs.js?body=1" for 127.0.0.1 at 2012-06-16 23:31:15 -0400
Served asset /jquery_ujs.js - 304 Not Modified (0ms)


Started GET "/assets/users.js?body=1" for 127.0.0.1 at 2012-06-16 23:31:15 -0400
Served asset /users.js - 304 Not Modified (0ms)


Started GET "/assets/application.js?body=1" for 127.0.0.1 at 2012-06-16 23:31:15 -0400
Served asset /application.js - 304 Not Modified (0ms)


Started GET "/users/1" for 127.0.0.1 at 2012-06-16 23:31:17 -0400
Processing by UsersController#show as HTML
  Parameters: {"id"=>"1"}
  [1m[35mUser Load (1.0ms)[0m  SELECT "users".* FROM "users" WHERE "users"."id" = ? LIMIT 1  [["id", "1"]]
  Rendered users/show.html.erb within layouts/application (1.0ms)
Completed 200 OK in 9ms (Views: 8.0ms | ActiveRecord: 1.0ms)


Started GET "/assets/application.css?body=1" for 127.0.0.1 at 2012-06-16 23:31:17 -0400
Served asset /application.css - 304 Not Modified (0ms)


Started GET "/assets/scaffolds.css?body=1" for 127.0.0.1 at 2012-06-16 23:31:17 -0400
Served asset /scaffolds.css - 304 Not Modified (0ms)


Started GET "/assets/users.css?body=1" for 127.0.0.1 at 2012-06-16 23:31:17 -0400
Served asset /users.css - 304 Not Modified (0ms)


Started GET "/assets/jquery.js?body=1" for 127.0.0.1 at 2012-06-16 23:31:17 -0400
Served asset /jquery.js - 304 Not Modified (0ms)


Started GET "/assets/jquery_ujs.js?body=1" for 127.0.0.1 at 2012-06-16 23:31:17 -0400
Served asset /jquery_ujs.js - 304 Not Modified (0ms)


Started GET "/assets/users.js?body=1" for 127.0.0.1 at 2012-06-16 23:31:17 -0400
Served asset /users.js - 304 Not Modified (0ms)


Started GET "/assets/application.js?body=1" for 127.0.0.1 at 2012-06-16 23:31:17 -0400
Served asset /application.js - 304 Not Modified (0ms)


Started GET "/users/1/edit" for 127.0.0.1 at 2012-06-16 23:31:20 -0400
Processing by UsersController#edit as HTML
  Parameters: {"id"=>"1"}
  [1m[36mUser Load (0.0ms)[0m  [1mSELECT "users".* FROM "users" WHERE "users"."id" = ? LIMIT 1[0m  [["id", "1"]]
  Rendered users/_form.html.erb (3.0ms)
  Rendered users/edit.html.erb within layouts/application (5.0ms)
Completed 200 OK in 14ms (Views: 12.0ms | ActiveRecord: 0.0ms)


Started GET "/assets/application.css?body=1" for 127.0.0.1 at 2012-06-16 23:31:20 -0400
Served asset /application.css - 304 Not Modified (1ms)


Started GET "/assets/users.css?body=1" for 127.0.0.1 at 2012-06-16 23:31:20 -0400
Served asset /users.css - 304 Not Modified (0ms)


Started GET "/assets/scaffolds.css?body=1" for 127.0.0.1 at 2012-06-16 23:31:20 -0400
Served asset /scaffolds.css - 304 Not Modified (0ms)


Started GET "/assets/jquery.js?body=1" for 127.0.0.1 at 2012-06-16 23:31:20 -0400
Served asset /jquery.js - 304 Not Modified (0ms)


Started GET "/assets/jquery_ujs.js?body=1" for 127.0.0.1 at 2012-06-16 23:31:20 -0400
Served asset /jquery_ujs.js - 304 Not Modified (0ms)


Started GET "/assets/users.js?body=1" for 127.0.0.1 at 2012-06-16 23:31:20 -0400
Served asset /users.js - 304 Not Modified (0ms)


Started GET "/assets/application.js?body=1" for 127.0.0.1 at 2012-06-16 23:31:20 -0400
Served asset /application.js - 304 Not Modified (1ms)


Started PUT "/users/1" for 127.0.0.1 at 2012-06-16 23:31:29 -0400
Processing by UsersController#update as HTML
  Parameters: {"utf8"=>"✓", "authenticity_token"=>"B8nAouTq8m9NcRhbxbTHTVm4WikdQW9beTZYvsgw3a4=", "user"=>{"username"=>"omertest", "email"=>"s12drwerwsf@gmail.com", "first_name"=>"om", "last_name"=>"om", "description"=>"dssdf\r\nupdaate", "admin_flag"=>"1"}, "commit"=>"Update User", "id"=>"1"}
  [1m[35mUser Load (0.0ms)[0m  SELECT "users".* FROM "users" WHERE "users"."id" = ? LIMIT 1  [["id", "1"]]
  [1m[36m (0.0ms)[0m  [1mbegin transaction[0m
  [1m[35m (1.0ms)[0m  UPDATE "users" SET "email" = 's12drwerwsf@gmail.com', "updated_at" = '2012-06-17 03:31:29.709861' WHERE "users"."id" = 1
  [1m[36m (82.0ms)[0m  [1mcommit transaction[0m
Redirected to http://localhost:3000/users/1
Completed 302 Found in 108ms (ActiveRecord: 83.0ms)


Started GET "/users/1" for 127.0.0.1 at 2012-06-16 23:31:29 -0400
Processing by UsersController#show as HTML
  Parameters: {"id"=>"1"}
  [1m[35mUser Load (0.0ms)[0m  SELECT "users".* FROM "users" WHERE "users"."id" = ? LIMIT 1  [["id", "1"]]
  Rendered users/show.html.erb within layouts/application (1.0ms)
Completed 200 OK in 8ms (Views: 7.0ms | ActiveRecord: 0.0ms)


Started GET "/assets/application.css?body=1" for 127.0.0.1 at 2012-06-16 23:31:29 -0400
Served asset /application.css - 304 Not Modified (0ms)


Started GET "/assets/users.css?body=1" for 127.0.0.1 at 2012-06-16 23:31:29 -0400
Served asset /users.css - 304 Not Modified (0ms)


Started GET "/assets/scaffolds.css?body=1" for 127.0.0.1 at 2012-06-16 23:31:29 -0400
Served asset /scaffolds.css - 304 Not Modified (0ms)


Started GET "/assets/jquery.js?body=1" for 127.0.0.1 at 2012-06-16 23:31:29 -0400
Served asset /jquery.js - 304 Not Modified (0ms)


Started GET "/assets/jquery_ujs.js?body=1" for 127.0.0.1 at 2012-06-16 23:31:30 -0400
Served asset /jquery_ujs.js - 304 Not Modified (0ms)


Started GET "/assets/users.js?body=1" for 127.0.0.1 at 2012-06-16 23:31:30 -0400
Served asset /users.js - 304 Not Modified (0ms)


Started GET "/assets/application.js?body=1" for 127.0.0.1 at 2012-06-16 23:31:30 -0400
Served asset /application.js - 304 Not Modified (0ms)


Started GET "/users/1/edit" for 127.0.0.1 at 2012-06-16 23:31:37 -0400
Processing by UsersController#edit as HTML
  Parameters: {"id"=>"1"}
  [1m[36mUser Load (0.0ms)[0m  [1mSELECT "users".* FROM "users" WHERE "users"."id" = ? LIMIT 1[0m  [["id", "1"]]
  Rendered users/_form.html.erb (4.0ms)
  Rendered users/edit.html.erb within layouts/application (5.0ms)
Completed 200 OK in 13ms (Views: 12.0ms | ActiveRecord: 0.0ms)


Started GET "/assets/application.css?body=1" for 127.0.0.1 at 2012-06-16 23:31:37 -0400
Served asset /application.css - 304 Not Modified (0ms)


Started GET "/assets/scaffolds.css?body=1" for 127.0.0.1 at 2012-06-16 23:31:37 -0400
Served asset /scaffolds.css - 304 Not Modified (0ms)


Started GET "/assets/users.css?body=1" for 127.0.0.1 at 2012-06-16 23:31:37 -0400
Served asset /users.css - 304 Not Modified (0ms)


Started GET "/assets/jquery.js?body=1" for 127.0.0.1 at 2012-06-16 23:31:37 -0400
Served asset /jquery.js - 304 Not Modified (0ms)


Started GET "/assets/jquery_ujs.js?body=1" for 127.0.0.1 at 2012-06-16 23:31:37 -0400
Served asset /jquery_ujs.js - 304 Not Modified (1ms)


Started GET "/assets/users.js?body=1" for 127.0.0.1 at 2012-06-16 23:31:37 -0400
Served asset /users.js - 304 Not Modified (0ms)


Started GET "/assets/application.js?body=1" for 127.0.0.1 at 2012-06-16 23:31:37 -0400
Served asset /application.js - 304 Not Modified (0ms)


Started PUT "/users/1" for 127.0.0.1 at 2012-06-16 23:31:42 -0400
Processing by UsersController#update as HTML
  Parameters: {"utf8"=>"✓", "authenticity_token"=>"B8nAouTq8m9NcRhbxbTHTVm4WikdQW9beTZYvsgw3a4=", "user"=>{"username"=>"12omertest", "email"=>"s12drwerwsf@gmail.com", "first_name"=>"om", "last_name"=>"om", "description"=>"dssdf\r\nupdaate", "admin_flag"=>"1"}, "commit"=>"Update User", "id"=>"1"}
  [1m[35mUser Load (0.0ms)[0m  SELECT "users".* FROM "users" WHERE "users"."id" = ? LIMIT 1  [["id", "1"]]
  [1m[36m (0.0ms)[0m  [1mbegin transaction[0m
  [1m[35m (0.0ms)[0m  UPDATE "users" SET "username" = '12omertest', "updated_at" = '2012-06-17 03:31:42.618599' WHERE "users"."id" = 1
  [1m[36m (78.0ms)[0m  [1mcommit transaction[0m
Redirected to http://localhost:3000/users/1
Completed 302 Found in 85ms (ActiveRecord: 78.0ms)


Started GET "/users/1" for 127.0.0.1 at 2012-06-16 23:31:42 -0400
Processing by UsersController#show as HTML
  Parameters: {"id"=>"1"}
  [1m[35mUser Load (1.0ms)[0m  SELECT "users".* FROM "users" WHERE "users"."id" = ? LIMIT 1  [["id", "1"]]
  Rendered users/show.html.erb within layouts/application (1.0ms)
Completed 200 OK in 27ms (Views: 26.0ms | ActiveRecord: 1.0ms)


Started GET "/assets/application.css?body=1" for 127.0.0.1 at 2012-06-16 23:31:42 -0400
Served asset /application.css - 304 Not Modified (0ms)


Started GET "/assets/users.css?body=1" for 127.0.0.1 at 2012-06-16 23:31:42 -0400
Served asset /users.css - 304 Not Modified (0ms)


Started GET "/assets/scaffolds.css?body=1" for 127.0.0.1 at 2012-06-16 23:31:42 -0400
Served asset /scaffolds.css - 304 Not Modified (1ms)


Started GET "/assets/jquery.js?body=1" for 127.0.0.1 at 2012-06-16 23:31:42 -0400
Served asset /jquery.js - 304 Not Modified (0ms)


Started GET "/assets/jquery_ujs.js?body=1" for 127.0.0.1 at 2012-06-16 23:31:42 -0400
Served asset /jquery_ujs.js - 304 Not Modified (0ms)


Started GET "/assets/users.js?body=1" for 127.0.0.1 at 2012-06-16 23:31:42 -0400
Served asset /users.js - 304 Not Modified (0ms)


Started GET "/assets/application.js?body=1" for 127.0.0.1 at 2012-06-16 23:31:42 -0400
Served asset /application.js - 304 Not Modified (1ms)


Started GET "/users" for 127.0.0.1 at 2012-06-16 23:31:48 -0400
Processing by UsersController#index as HTML
  [1m[36mUser Load (0.0ms)[0m  [1mSELECT "users".* FROM "users" [0m
  Rendered users/index.html.erb within layouts/application (1.0ms)
Completed 200 OK in 10ms (Views: 8.0ms | ActiveRecord: 0.0ms)


Started GET "/assets/application.css?body=1" for 127.0.0.1 at 2012-06-16 23:31:48 -0400
Served asset /application.css - 304 Not Modified (0ms)


Started GET "/assets/users.css?body=1" for 127.0.0.1 at 2012-06-16 23:31:48 -0400
Served asset /users.css - 304 Not Modified (0ms)


Started GET "/assets/scaffolds.css?body=1" for 127.0.0.1 at 2012-06-16 23:31:48 -0400
Served asset /scaffolds.css - 304 Not Modified (0ms)


Started GET "/assets/jquery.js?body=1" for 127.0.0.1 at 2012-06-16 23:31:48 -0400
Served asset /jquery.js - 304 Not Modified (0ms)


Started GET "/assets/jquery_ujs.js?body=1" for 127.0.0.1 at 2012-06-16 23:31:48 -0400
Served asset /jquery_ujs.js - 304 Not Modified (0ms)


Started GET "/assets/users.js?body=1" for 127.0.0.1 at 2012-06-16 23:31:48 -0400
Served asset /users.js - 304 Not Modified (0ms)


Started GET "/assets/application.js?body=1" for 127.0.0.1 at 2012-06-16 23:31:48 -0400
Served asset /application.js - 304 Not Modified (1ms)
